0 info it worked if it ends with ok
1 verbose cli [ '/usr/local/Cellar/node/5.7.1/bin/node',
1 verbose cli   '/usr/local/bin/npm',
1 verbose cli   'publish' ]
2 info using npm@3.6.0
3 info using node@v5.7.1
4 verbose publish [ '.' ]
5 silly cache add args [ '.', null ]
6 verbose cache add spec .
7 silly cache add parsed spec Result {
7 silly cache add   raw: '.',
7 silly cache add   scope: null,
7 silly cache add   name: null,
7 silly cache add   rawSpec: '.',
7 silly cache add   spec: '/Users/andreogle/Development/eslint-teamcity',
7 silly cache add   type: 'directory' }
8 verbose addLocalDirectory /Users/andreogle/.npm/eslint-teamcity/1.0.1/package.tgz not in flight; packing
9 verbose correctMkdir /Users/andreogle/.npm correctMkdir not in flight; initializing
10 info lifecycle eslint-teamcity@1.0.1~prepublish: eslint-teamcity@1.0.1
11 silly lifecycle eslint-teamcity@1.0.1~prepublish: no script for prepublish, continuing
12 verbose tar pack [ '/Users/andreogle/.npm/eslint-teamcity/1.0.1/package.tgz',
12 verbose tar pack   '/Users/andreogle/Development/eslint-teamcity' ]
13 verbose tarball /Users/andreogle/.npm/eslint-teamcity/1.0.1/package.tgz
14 verbose folder /Users/andreogle/Development/eslint-teamcity
15 verbose addLocalTarball adding from inside cache /Users/andreogle/.npm/eslint-teamcity/1.0.1/package.tgz
16 verbose correctMkdir /Users/andreogle/.npm correctMkdir not in flight; initializing
17 silly cache afterAdd eslint-teamcity@1.0.1
18 verbose afterAdd /Users/andreogle/.npm/eslint-teamcity/1.0.1/package/package.json not in flight; writing
19 verbose correctMkdir /Users/andreogle/.npm correctMkdir not in flight; initializing
20 verbose afterAdd /Users/andreogle/.npm/eslint-teamcity/1.0.1/package/package.json written
21 silly publish { name: 'eslint-teamcity',
21 silly publish   version: '1.0.1',
21 silly publish   description: 'An ESLint formatter plugin for TeamCity',
21 silly publish   main: 'index.js',
21 silly publish   scripts: { test: 'mocha' },
21 silly publish   repository:
21 silly publish    { type: 'git',
21 silly publish      url: 'git://github.com/andreogle/eslint-teamcity.git' },
21 silly publish   keywords: [ 'eslint', 'teamcity', 'formatter' ],
21 silly publish   author:
21 silly publish    { name: 'Andre Ogle',
21 silly publish      email: 'ogleandre@yahoo.com',
21 silly publish      url: 'https://github.com/andreogle' },
21 silly publish   license: 'MIT',
21 silly publish   bugs: { url: 'https://github.com/andreogle/eslint-teamcity/issues' },
21 silly publish   devDependencies: { chai: '^3.5.0', mocha: '^2.4.5' },
21 silly publish   readme: '# eslint-teamcity\n[![npm version](https://badge.fury.io/js/eslint-teamcity.svg)](https://badge.fury.io/js/eslint-teamcity)\n[![Build Status](https://travis-ci.org/andreogle/eslint-teamcity.svg?branch=master)](https://travis-ci.org/andreogle/eslint-teamcity)\n\n> A small [eslint](https://github.com/eslint/eslint) formatter plugin.\nESLint violations are output nicely in the\n[TeamCity](https://www.jetbrains.com/teamcity/) build error format. Tested with\nTeamCity 9.1.x\n\n## Installation\n\n[Use npm](https://docs.npmjs.com/cli/install).\n\n```sh\nnpm install eslint-teamcity --save-dev\n```\n\n## Usage\n```sh\n  eslint --format \'./node_modules/eslint-teamcity/index.js\' myfiletolint.js\n```\n\n## [gulp-eslint](https://github.com/adametry/gulp-eslint) integration\n```javascript\nvar gulp = require(\'gulp\'),\n    eslint = require(\'gulp-eslint\'),\n    teamcity = require(\'eslint-teamcity\');\n\ngulp.task(\'lint\', function () {\n    return gulp.src([\'js/**/*.js\'])\n        .pipe(eslint())\n        .pipe(eslint.format(teamcity))\n        .pipe(eslint.failAfterError());\n});\n```\nSee the [gulp-eslint](https://github.com/adametry/gulp-eslint#usage) docs for\nmore info on setting up a linting task.\n\n\n## TeamCity usage (with [gulp-eslint](http://github.com/adametry/gulp-eslint))\nAdd a gulp task to run ESLint (see above)\n\nSetup a TeamCity build step, similar to the below screenshot:\n\n![Example TeamCity Setup](https://i.imgur.com/j7qMSYg.jpg)\n\nKick off a new build, by deploying again, and you should see your build errors - assuming you have any!\n\n#### Screenshot with TeamCity\n\n![Example TeamCity Output](https://i.imgur.com/DkwEPEN.jpg)\n\n## Issues\n\nI will try keep this project up to date, but please log any issues\n[here](https://github.com/andreogle/eslint-teamcity/issues).\nAny pull requests are also welcome!\n',
21 silly publish   readmeFilename: 'README.md',
21 silly publish   gitHead: 'dca02850c5c1c881e92f12344bdb08c9d29946ed',
21 silly publish   homepage: 'https://github.com/andreogle/eslint-teamcity#readme',
21 silly publish   _id: 'eslint-teamcity@1.0.1',
21 silly publish   _shasum: '69f391b88fc617ae33f1ef2ef0331d72634be7ee',
21 silly publish   _from: '.' }
22 verbose getPublishConfig undefined
23 silly mapToRegistry name eslint-teamcity
24 silly mapToRegistry using default registry
25 silly mapToRegistry registry https://registry.npmjs.org/
26 silly mapToRegistry uri https://registry.npmjs.org/eslint-teamcity
27 verbose publish registryBase https://registry.npmjs.org/
28 silly publish uploading /Users/andreogle/.npm/eslint-teamcity/1.0.1/package.tgz
29 verbose request uri https://registry.npmjs.org/eslint-teamcity
30 verbose request sending authorization for write operation
31 info attempt registry request try #1 at 1:35:06 PM
32 verbose request using bearer token for auth
33 verbose request id 012d7dca359f1606
34 http request PUT https://registry.npmjs.org/eslint-teamcity
35 http 403 https://registry.npmjs.org/eslint-teamcity
36 verbose headers { 'content-type': 'application/json',
36 verbose headers   'cache-control': 'max-age=300',
36 verbose headers   'content-length': '95',
36 verbose headers   'accept-ranges': 'bytes',
36 verbose headers   date: 'Fri, 04 Mar 2016 11:35:07 GMT',
36 verbose headers   via: '1.1 varnish',
36 verbose headers   connection: 'keep-alive',
36 verbose headers   'x-served-by': 'cache-lcy1122-LCY',
36 verbose headers   'x-cache': 'MISS',
36 verbose headers   'x-cache-hits': '0',
36 verbose headers   'x-timer': 'S1457091306.956011,VS0,VE1018' }
37 verbose request invalidating /Users/andreogle/.npm/registry.npmjs.org/eslint-teamcity on PUT
38 error publish Failed PUT 403
39 verbose stack Error: "You cannot publish over the previously published version 1.0.1." : eslint-teamcity
39 verbose stack     at makeError (/usr/local/lib/node_modules/npm/node_modules/npm-registry-client/lib/request.js:264:12)
39 verbose stack     at CachingRegistryClient.<anonymous> (/usr/local/lib/node_modules/npm/node_modules/npm-registry-client/lib/request.js:252:14)
39 verbose stack     at Request._callback (/usr/local/lib/node_modules/npm/node_modules/npm-registry-client/lib/request.js:172:14)
39 verbose stack     at Request.self.callback (/usr/local/lib/node_modules/npm/node_modules/request/request.js:198:22)
39 verbose stack     at emitTwo (events.js:100:13)
39 verbose stack     at Request.emit (events.js:185:7)
39 verbose stack     at Request.<anonymous> (/usr/local/lib/node_modules/npm/node_modules/request/request.js:1035:10)
39 verbose stack     at emitOne (events.js:95:20)
39 verbose stack     at Request.emit (events.js:182:7)
39 verbose stack     at IncomingMessage.<anonymous> (/usr/local/lib/node_modules/npm/node_modules/request/request.js:962:12)
40 verbose statusCode 403
41 verbose pkgid eslint-teamcity
42 verbose cwd /Users/andreogle/Development/eslint-teamcity
43 error Darwin 15.3.0
44 error argv "/usr/local/Cellar/node/5.7.1/bin/node" "/usr/local/bin/npm" "publish"
45 error node v5.7.1
46 error npm  v3.6.0
47 error code E403
48 error "You cannot publish over the previously published version 1.0.1." : eslint-teamcity
49 error If you need help, you may report this error at:
49 error     <https://github.com/npm/npm/issues>
50 verbose exit [ 1, true ]
